2020-05-12 08:16:00.011 16668 INFO migrate.versioning.api [-] 96 -> 97... 
2020-05-12 08:16:00.392 16668 INFO migrate.versioning.api [-] done
2020-05-12 08:16:00.393 16668 INFO migrate.versioning.api [-] 97 -> 98... 
2020-05-12 08:16:00.411 16668 INFO migrate.versioning.api [-] done
2020-05-12 08:16:00.411 16668 INFO migrate.versioning.api [-] 98 -> 99... 
2020-05-12 08:16:00.437 16668 INFO migrate.versioning.api [-] done
2020-05-12 08:16:00.438 16668 INFO migrate.versioning.api [-] 99 -> 100... 
2020-05-12 08:16:00.442 16668 INFO 100_add_foreign_key_indexes [-] Skipped adding attachment_specs_attachment_id_idx because an equivalent index already exists.
2020-05-12 08:16:00.445 16668 INFO 100_add_foreign_key_indexes [-] Skipped adding cgsnapshots_consistencygroup_id_idx because an equivalent index already exists.
2020-05-12 08:16:00.448 16668 INFO 100_add_foreign_key_indexes [-] Skipped adding group_snapshots_group_id_idx because an equivalent index already exists.
2020-05-12 08:16:00.451 16668 INFO 100_add_foreign_key_indexes [-] Skipped adding group_type_specs_group_type_id_idx because an equivalent index already exists.
2020-05-12 08:16:00.455 16668 INFO 100_add_foreign_key_indexes [-] Skipped adding group_volume_type_mapping_group_id_idx because an equivalent index already exists.
2020-05-12 08:16:00.457 16668 INFO 100_add_foreign_key_indexes [-] Skipped adding group_volume_type_mapping_volume_type_id_idx because an equivalent index already exists.
2020-05-12 08:16:00.460 16668 INFO 100_add_foreign_key_indexes [-] Skipped adding quality_of_service_specs_specs_id_idx because an equivalent index already exists.
2020-05-12 08:16:00.463 16668 INFO 100_add_foreign_key_indexes [-] Skipped adding reservations_allocated_id_idx because an equivalent index already exists.
2020-05-12 08:16:00.466 16668 INFO 100_add_foreign_key_indexes [-] Skipped adding reservations_usage_id_idx because an equivalent index already exists.
2020-05-12 08:16:00.469 16668 INFO 100_add_foreign_key_indexes [-] Skipped adding snapshot_metadata_snapshot_id_idx because an equivalent index already exists.
2020-05-12 08:16:00.472 16668 INFO 100_add_foreign_key_indexes [-] Skipped adding snapshots_cgsnapshot_id_idx because an equivalent index already exists.
2020-05-12 08:16:00.476 16668 INFO 100_add_foreign_key_indexes [-] Skipped adding snapshots_group_snapshot_id_idx because an equivalent index already exists.
2020-05-12 08:16:00.479 16668 INFO 100_add_foreign_key_indexes [-] Skipped adding snapshots_volume_id_idx because an equivalent index already exists.
2020-05-12 08:16:00.482 16668 INFO 100_add_foreign_key_indexes [-] Skipped adding transfers_volume_id_idx because an equivalent index already exists.
2020-05-12 08:16:00.485 16668 INFO 100_add_foreign_key_indexes [-] Skipped adding volume_admin_metadata_volume_id_idx because an equivalent index already exists.
2020-05-12 08:16:00.487 16668 INFO 100_add_foreign_key_indexes [-] Skipped adding volume_attachment_volume_id_idx because an equivalent index already exists.
2020-05-12 08:16:00.490 16668 INFO 100_add_foreign_key_indexes [-] Skipped adding volume_glance_metadata_snapshot_id_idx because an equivalent index already exists.
2020-05-12 08:16:00.493 16668 INFO 100_add_foreign_key_indexes [-] Skipped adding volume_glance_metadata_volume_id_idx because an equivalent index already exists.
2020-05-12 08:16:00.496 16668 INFO 100_add_foreign_key_indexes [-] Skipped adding volume_metadata_volume_id_idx because an equivalent index already exists.
2020-05-12 08:16:00.499 16668 INFO 100_add_foreign_key_indexes [-] Skipped adding volume_type_extra_specs_volume_type_id_idx because an equivalent index already exists.
2020-05-12 08:16:00.502 16668 INFO 100_add_foreign_key_indexes [-] Skipped adding volume_types_qos_specs_id_idx because an equivalent index already exists.
2020-05-12 08:16:00.506 16668 INFO 100_add_foreign_key_indexes [-] Skipped adding volumes_consistencygroup_id_idx because an equivalent index already exists.
2020-05-12 08:16:00.509 16668 INFO 100_add_foreign_key_indexes [-] Skipped adding volumes_group_id_idx because an equivalent index already exists.
2020-05-12 08:16:00.512 16668 INFO 100_add_foreign_key_indexes [-] Skipped adding workers_service_id_idx because an equivalent index already exists.
2020-05-12 08:16:00.517 16668 INFO migrate.versioning.api [-] done
2020-05-12 08:16:00.517 16668 INFO migrate.versioning.api [-] 100 -> 101... 
2020-05-12 08:16:00.539 16668 INFO migrate.versioning.api [-] done
2020-05-12 08:16:00.539 16668 INFO migrate.versioning.api [-] 101 -> 102... 
2020-05-12 08:16:00.553 16668 INFO migrate.versioning.api [-] done
2020-05-12 08:16:00.554 16668 INFO migrate.versioning.api [-] 102 -> 103... 
2020-05-12 08:16:00.581 16668 INFO migrate.versioning.api [-] done
2020-05-12 08:16:00.581 16668 INFO migrate.versioning.api [-] 103 -> 104... 
2020-05-12 08:16:00.598 16668 INFO migrate.versioning.api [-] done
2020-05-12 08:16:00.599 16668 INFO migrate.versioning.api [-] 104 -> 105... 
2020-05-12 08:16:00.617 16668 INFO migrate.versioning.api [-] done
2020-05-12 08:16:00.618 16668 INFO migrate.versioning.api [-] 105 -> 106... 
2020-05-12 08:16:00.623 16668 INFO migrate.versioning.api [-] done
2020-05-12 08:16:00.623 16668 INFO migrate.versioning.api [-] 106 -> 107... 
2020-05-12 08:16:00.628 16668 INFO migrate.versioning.api [-] done
2020-05-12 08:16:00.628 16668 INFO migrate.versioning.api [-] 107 -> 108... 
2020-05-12 08:16:00.633 16668 INFO migrate.versioning.api [-] done
2020-05-12 08:16:00.634 16668 INFO migrate.versioning.api [-] 108 -> 109... 
2020-05-12 08:16:00.638 16668 INFO migrate.versioning.api [-] done
2020-05-12 08:16:00.639 16668 INFO migrate.versioning.api [-] 109 -> 110... 
2020-05-12 08:16:00.643 16668 INFO migrate.versioning.api [-] done
2020-05-12 08:16:00.644 16668 INFO migrate.versioning.api [-] 110 -> 111... 
2020-05-12 08:16:00.662 16668 INFO migrate.versioning.api [-] done
2020-05-12 08:16:00.662 16668 INFO migrate.versioning.api [-] 111 -> 112... 
2020-05-12 08:16:00.683 16668 INFO migrate.versioning.api [-] done
2020-05-12 08:16:00.683 16668 INFO migrate.versioning.api [-] 112 -> 113... 
2020-05-12 08:16:00.707 16668 INFO migrate.versioning.api [-] done
2020-05-12 08:16:00.708 16668 INFO migrate.versioning.api [-] 113 -> 114... 
2020-05-12 08:16:00.752 16668 INFO migrate.versioning.api [-] done
2020-05-12 08:16:00.752 16668 INFO migrate.versioning.api [-] 114 -> 115... 
2020-05-12 08:16:00.781 16668 INFO migrate.versioning.api [-] done
2020-05-12 08:16:00.781 16668 INFO migrate.versioning.api [-] 115 -> 116... 
2020-05-12 08:16:00.810 16668 INFO migrate.versioning.api [-] done
2020-05-12 08:16:00.810 16668 INFO migrate.versioning.api [-] 116 -> 117... 
2020-05-12 08:16:00.823 16668 INFO migrate.versioning.api [-] done
2020-05-12 08:16:00.824 16668 INFO migrate.versioning.api [-] 117 -> 118... 
2020-05-12 08:16:00.829 16668 INFO migrate.versioning.api [-] done
2020-05-12 08:16:00.829 16668 INFO migrate.versioning.api [-] 118 -> 119... 
2020-05-12 08:16:00.836 16668 INFO migrate.versioning.api [-] done
2020-05-12 08:16:00.836 16668 INFO migrate.versioning.api [-] 119 -> 120... 
2020-05-12 08:16:00.841 16668 INFO migrate.versioning.api [-] done
2020-05-12 08:16:00.842 16668 INFO migrate.versioning.api [-] 120 -> 121... 
2020-05-12 08:16:00.848 16668 INFO migrate.versioning.api [-] done
2020-05-12 08:16:00.848 16668 INFO migrate.versioning.api [-] 121 -> 122... 
2020-05-12 08:16:00.853 16668 INFO migrate.versioning.api [-] done
2020-05-12 08:16:00.853 16668 INFO migrate.versioning.api [-] 122 -> 123... 
2020-05-12 08:16:00.885 16668 INFO migrate.versioning.api [-] done
2020-05-12 08:16:00.886 16668 INFO migrate.versioning.api [-] 123 -> 124... 
2020-05-12 08:16:00.891 16668 INFO migrate.versioning.api [-] done
2020-05-12 08:16:00.891 16668 INFO migrate.versioning.api [-] 124 -> 125... 
2020-05-12 08:16:00.896 16668 INFO migrate.versioning.api [-] done
2020-05-12 08:16:00.896 16668 INFO migrate.versioning.api [-] 125 -> 126... 
2020-05-12 08:16:00.901 16668 INFO migrate.versioning.api [-] done
2020-05-12 08:16:00.901 16668 INFO migrate.versioning.api [-] 126 -> 127... 
2020-05-12 08:16:00.916 16668 INFO migrate.versioning.api [-] done
2020-05-12 08:16:00.916 16668 INFO migrate.versioning.api [-] 127 -> 128... 
2020-05-12 08:16:00.951 16668 INFO migrate.versioning.api [-] done
